# JRE version: OpenJDK Runtime Environment (22.0+36) (build 22+36-2370)
# Java VM: OpenJDK 64-Bit Server VM (22+36-2370, mixed mode, sharing, tiered, compressed oops, compressed class ptrs, g1 gc, bsd-aarch64)
GC Precious Log:
 CardTable entry size: 512
 Card Set container configuration: InlinePtr #cards 5 size 8 Array Of Cards #cards 12 size 40 Howl #buckets 4 coarsen threshold 1843 Howl Bitmap #cards 512 size 80 coarsen threshold 460 Card regions per heap region 1 cards per card region 2048
 CPUs: 8 total, 8 available
 Memory: 8192M
 Large Page Support: Disabled
 NUMA Support: Disabled
 Compressed Oops: Enabled (Zero based)
 Heap Region Size: 1M
 Heap Min Capacity: 8M
 Heap Initial Capacity: 128M
 Heap Max Capacity: 2G
 Pre-touch: Disabled
 Parallel Workers: 8
 Concurrent Workers: 2
 Concurrent Refinement Workers: 8
 Periodic GC: Disabled
Heap:
 garbage-first heap   total reserved 2097152K, committed 133120K, used 67702K [0x0000000780000000, 0x0000000800000000)
  region size 1024K, 31 young (31744K), 10 survivors (10240K)
 Metaspace       used 34267K, committed 34752K, reserved 1114112K
  class space    used 4446K, committed 4672K, reserved 1048576K
GC Heap History (20 events):
Event: 4.004 GC heap before
{Heap before GC invocations=12 (full 0):
 garbage-first heap   total reserved 2097152K, committed 86016K, used 60788K [0x0000000780000000, 0x0000000800000000)
  region size 1024K, 11 young (11264K), 1 survivors (1024K)
 Metaspace       used 33486K, committed 33920K, reserved 1114112K
  class space    used 4417K, committed 4608K, reserved 1048576K
}
Event: 4.007 GC heap after
{Heap after GC invocations=13 (full 0):
 garbage-first heap   total reserved 2097152K, committed 86016K, used 55296K [0x0000000780000000, 0x0000000800000000)
  region size 1024K, 2 young (2048K), 2 survivors (2048K)
 Metaspace       used 33486K, committed 33920K, reserved 1114112K
  class space    used 4417K, committed 4608K, reserved 1048576K
}
Event: 4.044 GC heap before
{Heap before GC invocations=13 (full 0):
 garbage-first heap   total reserved 2097152K, committed 86016K, used 67584K [0x0000000780000000, 0x0000000800000000)
  region size 1024K, 14 young (14336K), 2 survivors (2048K)
 Metaspace       used 33487K, committed 33920K, reserved 1114112K
  class space    used 4417K, committed 4608K, reserved 1048576K
}
Event: 4.045 GC heap after
{Heap after GC invocations=14 (full 0):
 garbage-first heap   total reserved 2097152K, committed 86016K, used 50137K [0x0000000780000000, 0x0000000800000000)
  region size 1024K, 1 young (1024K), 1 survivors (1024K)
 Metaspace       used 33487K, committed 33920K, reserved 1114112K
  class space    used 4417K, committed 4608K, reserved 1048576K
}
Event: 4.088 GC heap before
{Heap before GC invocations=14 (full 0):
 garbage-first heap   total reserved 2097152K, committed 86016K, used 64473K [0x0000000780000000, 0x0000000800000000)
  region size 1024K, 15 young (15360K), 1 survivors (1024K)
 Metaspace       used 33488K, committed 33920K, reserved 1114112K
  class space    used 4417K, committed 4608K, reserved 1048576K
}
Event: 4.091 GC heap after
{Heap after GC invocations=15 (full 0):
 garbage-first heap   total reserved 2097152K, committed 86016K, used 58682K [0x0000000780000000, 0x0000000800000000)
  region size 1024K, 2 young (2048K), 2 survivors (2048K)
 Metaspace       used 33488K, committed 33920K, reserved 1114112K
  class space    used 4417K, committed 4608K, reserved 1048576K
}
Event: 4.123 GC heap before
{Heap before GC invocations=16 (full 0):
 garbage-first heap   total reserved 2097152K, committed 86016K, used 56634K [0x0000000780000000, 0x0000000800000000)
  region size 1024K, 12 young (12288K), 2 survivors (2048K)
 Metaspace       used 33488K, committed 33920K, reserved 1114112K
  class space    used 4417K, committed 4608K, reserved 1048576K
}
Event: 4.127 GC heap after
{Heap after GC invocations=17 (full 0):
 garbage-first heap   total reserved 2097152K, committed 86016K, used 50370K [0x0000000780000000, 0x0000000800000000)
  region size 1024K, 2 young (2048K), 2 survivors (2048K)
 Metaspace       used 33488K, committed 33920K, reserved 1114112K
  class space    used 4417K, committed 4608K, reserved 1048576K
}
Event: 4.167 GC heap before
{Heap before GC invocations=17 (full 0):
 garbage-first heap   total reserved 2097152K, committed 86016K, used 63682K [0x0000000780000000, 0x0000000800000000)
  region size 1024K, 15 young (15360K), 2 survivors (2048K)
 Metaspace       used 33496K, committed 33920K, reserved 1114112K
  class space    used 4417K, committed 4608K, reserved 1048576K
}
Event: 4.172 GC heap after
{Heap after GC invocations=18 (full 0):
 garbage-first heap   total reserved 2097152K, committed 169984K, used 50310K [0x0000000780000000, 0x0000000800000000)
  region size 1024K, 2 young (2048K), 2 survivors (2048K)
 Metaspace       used 33496K, committed 33920K, reserved 1114112K
  class space    used 4417K, committed 4608K, reserved 1048576K
}
Event: 4.314 GC heap before
{Heap before GC invocations=18 (full 0):
 garbage-first heap   total reserved 2097152K, committed 169984K, used 97414K [0x0000000780000000, 0x0000000800000000)
  region size 1024K, 48 young (49152K), 2 survivors (2048K)
 Metaspace       used 33509K, committed 33920K, reserved 1114112K
  class space    used 4417K, committed 4608K, reserved 1048576K
}
Event: 4.318 GC heap after
{Heap after GC invocations=19 (full 0):
 garbage-first heap   total reserved 2097152K, committed 169984K, used 59373K [0x0000000780000000, 0x0000000800000000)
  region size 1024K, 6 young (6144K), 6 survivors (6144K)
 Metaspace       used 33509K, committed 33920K, reserved 1114112K
  class space    used 4417K, committed 4608K, reserved 1048576K
}
Event: 4.448 GC heap before
{Heap before GC invocations=20 (full 0):
 garbage-first heap   total reserved 2097152K, committed 169984K, used 98285K [0x0000000780000000, 0x0000000800000000)
  region size 1024K, 51 young (52224K), 6 survivors (6144K)
 Metaspace       used 33513K, committed 33920K, reserved 1114112K
  class space    used 4417K, committed 4608K, reserved 1048576K
}
Event: 4.449 GC heap after
{Heap after GC invocations=21 (full 0):
 garbage-first heap   total reserved 2097152K, committed 169984K, used 54238K [0x0000000780000000, 0x0000000800000000)
  region size 1024K, 4 young (4096K), 4 survivors (4096K)
 Metaspace       used 33513K, committed 33920K, reserved 1114112K
  class space    used 4417K, committed 4608K, reserved 1048576K
}
Event: 17.957 GC heap before
{Heap before GC invocations=21 (full 0):
 garbage-first heap   total reserved 2097152K, committed 169984K, used 105438K [0x0000000780000000, 0x0000000800000000)
  region size 1024K, 54 young (55296K), 4 survivors (4096K)
 Metaspace       used 34042K, committed 34560K, reserved 1114112K
  class space    used 4441K, committed 4672K, reserved 1048576K
}
Event: 17.958 GC heap after
{Heap after GC invocations=22 (full 0):
 garbage-first heap   total reserved 2097152K, committed 169984K, used 48923K [0x0000000780000000, 0x0000000800000000)
  region size 1024K, 1 young (1024K), 1 survivors (1024K)
 Metaspace       used 34042K, committed 34560K, reserved 1114112K
  class space    used 4441K, committed 4672K, reserved 1048576K
}
Event: 18.971 GC heap before
{Heap before GC invocations=22 (full 0):
 garbage-first heap   total reserved 2097152K, committed 169984K, used 127771K [0x0000000780000000, 0x0000000800000000)
  region size 1024K, 78 young (79872K), 1 survivors (1024K)
 Metaspace       used 34188K, committed 34688K, reserved 1114112K
  class space    used 4445K, committed 4672K, reserved 1048576K
}
Event: 18.972 GC heap after
{Heap after GC invocations=23 (full 0):
 garbage-first heap   total reserved 2097152K, committed 169984K, used 49789K [0x0000000780000000, 0x0000000800000000)
  region size 1024K, 2 young (2048K), 2 survivors (2048K)
 Metaspace       used 34188K, committed 34688K, reserved 1114112K
  class space    used 4445K, committed 4672K, reserved 1048576K
}
Event: 20.450 GC heap before
{Heap before GC invocations=24 (full 0):
 garbage-first heap   total reserved 2097152K, committed 133120K, used 116349K [0x0000000780000000, 0x0000000800000000)
  region size 1024K, 78 young (79872K), 2 survivors (2048K)
 Metaspace       used 34233K, committed 34752K, reserved 1114112K
  class space    used 4446K, committed 4672K, reserved 1048576K
}
Event: 20.454 GC heap after
{Heap after GC invocations=25 (full 0):
 garbage-first heap   total reserved 2097152K, committed 133120K, used 47222K [0x0000000780000000, 0x0000000800000000)
  region size 1024K, 10 young (10240K), 10 survivors (10240K)
 Metaspace       used 34233K, committed 34752K, reserved 1114112K
  class space    used 4446K, committed 4672K, reserved 1048576K
}

